app/build/intermediates/manifest_merge_blame_file/debug/manifest-merger-blame-debug-report.txt
1<?xml version="1.0" encoding="utf-8"?>
2<manifest xmlns:android="http://schemas.android.com/apk/res/android"
3    package="com.example.myapplication"
4    android:versionCode="1"
5    android:versionName="1.0" >
6
7    <uses-sdk
7-->src\main\AndroidManifest.xml:7:5-9:41
8        android:minSdkVersion="15"
8-->src\main\AndroidManifest.xml:7:5-9:41
9        android:targetSdkVersion="29" />
9-->src\main\AndroidManifest.xml:9:9-38
10
11    <uses-permission android:name="android.permission.READ_EXTERNAL_STORAGE" />
11-->src\main\AndroidManifest.xml:11:5-80
11-->src\main\AndroidManifest.xml:11:22-77
12    <uses-permission android:name="android.permission.WRITE_EXTERNAL_STORAGE" />
12-->src\main\AndroidManifest.xml:12:5-81
12-->src\main\AndroidManifest.xml:12:22-78
13    <uses-permission android:name="android.permission.WRITE_INTERNAL_STORAGE" />
13-->src\main\AndroidManifest.xml:13:5-81
13-->src\main\AndroidManifest.xml:13:22-78
14    <uses-permission android:name="android.permission.READ_INTERNAL_STORAGE" />
14-->src\main\AndroidManifest.xml:14:5-80
14-->src\main\AndroidManifest.xml:14:22-77
15    <uses-permission android:name="android.permission.STORAGE" />
15-->src\main\AndroidManifest.xml:15:5-66
15-->src\main\AndroidManifest.xml:15:22-63
16    <uses-permission android:name="android.permission.INTERNET" />
16-->src\main\AndroidManifest.xml:16:5-67
16-->src\main\AndroidManifest.xml:16:22-64
17    <uses-permission android:name="android.permission.READ_CONTACTS" />
17-->src\main\AndroidManifest.xml:17:5-72
17-->src\main\AndroidManifest.xml:17:22-69
18    <uses-permission android:name="android.permission.WRITE_CONTACTS" />
18-->src\main\AndroidManifest.xml:18:5-73
18-->src\main\AndroidManifest.xml:18:22-70
19
20    <application
20-->src\main\AndroidManifest.xml:20:5-100:19
21        android:allowBackup="true"
21-->src\main\AndroidManifest.xml:21:9-35
22        android:appComponentFactory="androidx.core.app.CoreComponentFactory"
22-->src\main\AndroidManifest.xml:22:9-77
23        android:debuggable="true"
23-->src\main\AndroidManifest.xml:23:9-34
24        android:icon="@mipmap/ic_launcher"
24-->src\main\AndroidManifest.xml:24:9-43
25        android:label="@string/app_name"
25-->src\main\AndroidManifest.xml:25:9-41
26        android:roundIcon="@mipmap/ic_launcher_round"
26-->src\main\AndroidManifest.xml:26:9-54
27        android:supportsRtl="true"
27-->src\main\AndroidManifest.xml:27:9-35
28        android:testOnly="true"
28-->src\main\AndroidManifest.xml:28:9-32
29        android:theme="@style/AppTheme" >
29-->src\main\AndroidManifest.xml:29:9-40
30        <activity android:name="com.example.myapplication.ContactDetailView" />
30-->src\main\AndroidManifest.xml:30:9-80
30-->src\main\AndroidManifest.xml:30:19-77
31        <activity android:name="com.example.myapplication.Picture_detail" />
31-->src\main\AndroidManifest.xml:31:9-77
31-->src\main\AndroidManifest.xml:31:19-74
32        <activity android:name="com.example.myapplication.Image_GridView_Adapter" />
32-->src\main\AndroidManifest.xml:32:9-85
32-->src\main\AndroidManifest.xml:32:19-82
33        <activity android:name="com.example.myapplication.RecyclerViewAdapter" />
33-->src\main\AndroidManifest.xml:33:9-82
33-->src\main\AndroidManifest.xml:33:19-79
34        <activity android:name="com.example.myapplication.Tab3" />
34-->src\main\AndroidManifest.xml:34:9-67
34-->src\main\AndroidManifest.xml:34:19-64
35        <activity android:name="com.example.myapplication.Gallery" />
35-->src\main\AndroidManifest.xml:35:9-70
35-->src\main\AndroidManifest.xml:35:19-67
36        <activity android:name="com.example.myapplication.Contact" />
36-->src\main\AndroidManifest.xml:36:9-70
36-->src\main\AndroidManifest.xml:36:19-67
37        <activity android:name="com.example.myapplication.PostActivity" />
37-->src\main\AndroidManifest.xml:37:9-75
37-->src\main\AndroidManifest.xml:37:19-72
38        <activity android:name="com.example.myapplication.MainActivity" >
38-->src\main\AndroidManifest.xml:38:9-44:20
38-->src\main\AndroidManifest.xml:38:19-72
39            <intent-filter>
39-->src\main\AndroidManifest.xml:39:13-43:29
40                <action android:name="android.intent.action.MAIN" />
40-->src\main\AndroidManifest.xml:40:17-69
40-->src\main\AndroidManifest.xml:40:25-66
41
42                <category android:name="android.intent.category.LAUNCHER" />
42-->src\main\AndroidManifest.xml:42:17-77
42-->src\main\AndroidManifest.xml:42:27-74
43            </intent-filter>
44        </activity>
45        <activity android:name="com.example.myapplication.MainActivity2" />
45-->src\main\AndroidManifest.xml:45:9-76
45-->src\main\AndroidManifest.xml:45:19-73
46
47        <meta-data
47-->src\main\AndroidManifest.xml:49:9-51:55
48            android:name="com.facebook.sdk.ApplicationId"
48-->src\main\AndroidManifest.xml:50:13-58
49            android:value="@string/facebook_app_id" />
49-->src\main\AndroidManifest.xml:51:13-52
50
51        <activity
51-->src\main\AndroidManifest.xml:53:9-57:66
52            android:name="com.facebook.FacebookActivity"
52-->src\main\AndroidManifest.xml:54:13-57
53            android:configChanges="keyboard|keyboardHidden|screenLayout|screenSize|orientation"
53-->src\main\AndroidManifest.xml:55:13-96
54            android:label="@string/app_name"
54-->src\main\AndroidManifest.xml:56:13-45
55            android:theme="@style/com_facebook_activity_theme" />
55-->src\main\AndroidManifest.xml:57:13-63
56        <activity
56-->src\main\AndroidManifest.xml:58:9-69:20
57            android:name="com.facebook.CustomTabActivity"
57-->src\main\AndroidManifest.xml:59:13-58
58            android:exported="true" >
58-->src\main\AndroidManifest.xml:60:13-36
59            <intent-filter>
59-->src\main\AndroidManifest.xml:61:13-68:29
60                <action android:name="android.intent.action.VIEW" />
60-->src\main\AndroidManifest.xml:62:17-69
60-->src\main\AndroidManifest.xml:62:25-66
61
62                <category android:name="android.intent.category.DEFAULT" />
62-->src\main\AndroidManifest.xml:64:17-76
62-->src\main\AndroidManifest.xml:64:27-73
63                <category android:name="android.intent.category.BROWSABLE" />
63-->src\main\AndroidManifest.xml:65:17-78
63-->src\main\AndroidManifest.xml:65:27-75
64
65                <data android:scheme="@string/fb_login_protocol_scheme" />
65-->src\main\AndroidManifest.xml:67:17-75
65-->src\main\AndroidManifest.xml:67:23-72
66            </intent-filter>
67        </activity>
68        <activity android:name="com.facebook.CustomTabMainActivity" />
68-->src\main\AndroidManifest.xml:70:9-71
68-->src\main\AndroidManifest.xml:70:19-68
69        <!--
70         The initialization ContentProvider will call FacebookSdk.sdkInitialize automatically
71         with the application context. This config is merged in with the host app's manifest,
72         but there can only be one provider with the same authority activated at any given
73         point; so if the end user has two or more different apps that use Facebook SDK, only the
74         first one will be able to use the provider. To work around this problem, we use the
75         following placeholder in the authority to identify each host application as if it was
76         a completely different provider.
77        -->
78        <provider
78-->src\main\AndroidManifest.xml:80:9-83:40
79            android:name="com.facebook.internal.FacebookInitProvider"
79-->src\main\AndroidManifest.xml:81:13-70
80            android:authorities="com.example.myapplication.FacebookInitProvider"
80-->src\main\AndroidManifest.xml:82:13-81
81            android:exported="false" />
81-->src\main\AndroidManifest.xml:83:13-37
82
83        <receiver
83-->src\main\AndroidManifest.xml:85:9-91:20
84            android:name="com.facebook.CurrentAccessTokenExpirationBroadcastReceiver"
84-->src\main\AndroidManifest.xml:86:13-86
85            android:exported="false" >
85-->src\main\AndroidManifest.xml:87:13-37
86            <intent-filter>
86-->src\main\AndroidManifest.xml:88:13-90:29
87                <action android:name="com.facebook.sdk.ACTION_CURRENT_ACCESS_TOKEN_CHANGED" />
87-->src\main\AndroidManifest.xml:89:17-95
87-->src\main\AndroidManifest.xml:89:25-92
88            </intent-filter>
89        </receiver>
90        <receiver
90-->src\main\AndroidManifest.xml:92:9-99:20
91            android:name="com.facebook.CampaignTrackingReceiver"
91-->src\main\AndroidManifest.xml:93:13-65
92            android:exported="true"
92-->src\main\AndroidManifest.xml:94:13-36
93            android:permission="android.permission.INSTALL_PACKAGES" >
93-->src\main\AndroidManifest.xml:95:13-69
94            <intent-filter>
94-->src\main\AndroidManifest.xml:96:13-98:29
95                <action android:name="com.android.vending.INSTALL_REFERRER" />
95-->src\main\AndroidManifest.xml:97:17-79
95-->src\main\AndroidManifest.xml:97:25-76
96            </intent-filter>
97        </receiver>
98    </application>
99
100</manifest>